<?xml version="1.0" encoding="utf-8"?><testsuites name="pytest tests"><testsuite name="pytest" errors="0" failures="0" skipped="0" tests="15" time="2.487" timestamp="2026-04-18T02:50:07.967942+00:00" hostname="agent-env-1c178d9f-3e84-4e9f-9aa3-44d8fbfc7079"><testcase classname="tests.test_alfakids_api.TestHealth" name="test_api_health" time="0.296" /><testcase classname="tests.test_alfakids_api.TestAuth" name="test_login_premium_success" time="0.117" /><testcase classname="tests.test_alfakids_api.TestAuth" name="test_login_alfa_success" time="0.166" /><testcase classname="tests.test_alfakids_api.TestAuth" name="test_login_wrong_password" time="0.144" /><testcase classname="tests.test_alfakids_api.TestAuth" name="test_auth_me_with_valid_token" time="0.242" /><testcase classname="tests.test_alfakids_api.TestAuth" name="test_auth_me_without_token" time="0.152" /><testcase classname="tests.test_alfakids_api.TestSongs" name="test_get_infantil_songs" time="0.116" /><testcase classname="tests.test_alfakids_api.TestSongs" name="test_get_gospel_songs" time="0.117" /><testcase classname="tests.test_alfakids_api.TestSongs" name="test_free_songs_exist" time="0.155" /><testcase classname="tests.test_alfakids_api.TestSongs" name="test_get_song_by_id" time="0.216" /><testcase classname="tests.test_alfakids_api.TestSongs" name="test_get_nonexistent_song" time="0.103" /><testcase classname="tests.test_alfakids_api.TestContent" name="test_get_alphabetization_days" time="0.108" /><testcase classname="tests.test_alfakids_api.TestContent" name="test_get_english_words" time="0.125" /><testcase classname="tests.test_alfakids_api.TestContent" name="test_get_resources" time="0.118" /><testcase classname="tests.test_alfakids_api.TestDataPersistence" name="test_user_persistence_after_login" time="0.205" /></testsuite></testsuites>